22.05.2023 09:52:16.539 - [eu.usrv.legacylootgames.LootGamesDungeonLogger][INFO] - == LootGames logger initialized ==
22.05.2023 10:05:14.803 - [eu.usrv.legacylootgames.LootGamesDungeonLogger][INFO] - == LootGames logger initialized ==
22.05.2023 10:08:25.063 - [eu.usrv.legacylootgames.LootGamesDungeonLogger][INFO] - == LootGames logger initialized ==
22.05.2023 10:19:41.531 - [eu.usrv.legacylootgames.LootGamesDungeonLogger][INFO] - == LootGames logger initialized ==
22.05.2023 10:23:19.327 - [eu.usrv.legacylootgames.LootGamesDungeonLogger][INFO] - PuzzleDungeon spawned at -168 60 184 in Dimension 0
22.05.2023 10:23:22.332 - [eu.usrv.legacylootgames.LootGamesDungeonLogger][INFO] - PuzzleDungeon spawned at -72 61 -168 in Dimension 0
22.05.2023 10:23:23.533 - [eu.usrv.legacylootgames.LootGamesDungeonLogger][INFO] - PuzzleDungeon spawned at -40 59 -72 in Dimension 0
22.05.2023 10:23:28.052 - [eu.usrv.legacylootgames.LootGamesDungeonLogger][INFO] - PuzzleDungeon spawned at 88 48 56 in Dimension 0
22.05.2023 10:24:21.720 - [eu.usrv.legacylootgames.LootGamesDungeonLogger][INFO] - PuzzleDungeon spawned at -72 61 -168 in Dimension 0
22.05.2023 10:31:01.907 - [eu.usrv.legacylootgames.LootGamesDungeonLogger][INFO] - == LootGames logger initialized ==
22.05.2023 10:47:42.566 - [eu.usrv.legacylootgames.LootGamesDungeonLogger][INFO] - == LootGames logger initialized ==
22.05.2023 10:54:52.803 - [eu.usrv.legacylootgames.LootGamesDungeonLogger][INFO] - == LootGames logger initialized ==
22.05.2023 10:58:56.016 - [eu.usrv.legacylootgames.LootGamesDungeonLogger][INFO] - PuzzleDungeon spawned at -40 118 -232 in Dimension 0
22.05.2023 10:58:56.617 - [eu.usrv.legacylootgames.LootGamesDungeonLogger][INFO] - PuzzleDungeon spawned at -24 64 -120 in Dimension 0
22.05.2023 10:58:59.315 - [eu.usrv.legacylootgames.LootGamesDungeonLogger][INFO] - PuzzleDungeon spawned at 104 56 8 in Dimension 0
22.05.2023 10:59:02.338 - [eu.usrv.legacylootgames.LootGamesDungeonLogger][INFO] - PuzzleDungeon spawned at 232 82 -248 in Dimension 0
22.05.2023 11:06:53.763 - [eu.usrv.legacylootgames.LootGamesDungeonLogger][INFO] - == LootGames logger initialized ==
22.05.2023 11:11:14.555 - [eu.usrv.legacylootgames.LootGamesDungeonLogger][INFO] - PuzzleDungeon spawned at -168 60 184 in Dimension 0
22.05.2023 11:11:17.524 - [eu.usrv.legacylootgames.LootGamesDungeonLogger][INFO] - PuzzleDungeon spawned at -72 61 -168 in Dimension 0
22.05.2023 11:11:18.667 - [eu.usrv.legacylootgames.LootGamesDungeonLogger][INFO] - PuzzleDungeon spawned at -40 59 -72 in Dimension 0
22.05.2023 11:11:23.431 - [eu.usrv.legacylootgames.LootGamesDungeonLogger][INFO] - PuzzleDungeon spawned at 88 48 56 in Dimension 0
22.05.2023 11:15:12.189 - [eu.usrv.legacylootgames.LootGamesDungeonLogger][INFO] - PuzzleDungeon spawned at 216 63 -200 in Dimension 0
22.05.2023 11:17:33.025 - [eu.usrv.legacylootgames.LootGamesDungeonLogger][INFO] - PuzzleDungeon spawned at 184 56 -296 in Dimension 0
22.05.2023 11:37:27.270 - [eu.usrv.legacylootgames.LootGamesDungeonLogger][INFO] - == LootGames logger initialized ==
23.05.2023 12:07:55.166 - [eu.usrv.legacylootgames.LootGamesDungeonLogger][INFO] - PuzzleDungeon spawned at -168 60 184 in Dimension 0
23.05.2023 12:07:58.188 - [eu.usrv.legacylootgames.LootGamesDungeonLogger][INFO] - PuzzleDungeon spawned at -72 61 -168 in Dimension 0
23.05.2023 12:07:59.468 - [eu.usrv.legacylootgames.LootGamesDungeonLogger][INFO] - PuzzleDungeon spawned at -40 59 -72 in Dimension 0
23.05.2023 12:08:03.937 - [eu.usrv.legacylootgames.LootGamesDungeonLogger][INFO] - PuzzleDungeon spawned at 88 48 56 in Dimension 0
23.05.2023 12:12:19.825 - [eu.usrv.legacylootgames.LootGamesDungeonLogger][INFO] - PuzzleDungeon spawned at 88 76 216 in Dimension 0
23.05.2023 12:15:24.590 - [eu.usrv.legacylootgames.LootGamesDungeonLogger][INFO] - PuzzleDungeon spawned at -168 47 344 in Dimension 0
23.05.2023 12:21:47.639 - [eu.usrv.legacylootgames.LootGamesDungeonLogger][INFO] - PuzzleDungeon spawned at -424 118 200 in Dimension 0
23.05.2023 12:22:46.971 - [eu.usrv.legacylootgames.LootGamesDungeonLogger][INFO] - PuzzleDungeon spawned at -552 49 456 in Dimension 0
23.05.2023 12:24:16.692 - [eu.usrv.legacylootgames.LootGamesDungeonLogger][INFO] - PuzzleDungeon spawned at -664 48 424 in Dimension 0
23.05.2023 12:25:04.599 - [eu.usrv.legacylootgames.LootGamesDungeonLogger][INFO] - PuzzleDungeon spawned at -536 118 168 in Dimension 0
23.05.2023 12:27:46.083 - [eu.usrv.legacylootgames.LootGamesDungeonLogger][INFO] - PuzzleDungeon spawned at -936 49 280 in Dimension 0
23.05.2023 12:27:49.907 - [eu.usrv.legacylootgames.LootGamesDungeonLogger][INFO] - PuzzleDungeon spawned at -920 47 456 in Dimension 0
23.05.2023 12:33:20.992 - [eu.usrv.legacylootgames.LootGamesDungeonLogger][INFO] - PuzzleDungeon spawned at -568 63 648 in Dimension 0
23.05.2023 12:33:54.476 - [eu.usrv.legacylootgames.LootGamesDungeonLogger][INFO] - PuzzleDungeon spawned at -248 57 664 in Dimension 0
23.05.2023 12:34:38.193 - [eu.usrv.legacylootgames.LootGamesDungeonLogger][INFO] - PuzzleDungeon spawned at -232 32 760 in Dimension 0
23.05.2023 12:42:23.544 - [eu.usrv.legacylootgames.LootGamesDungeonLogger][INFO] - == LootGames logger initialized ==
23.05.2023 12:53:15.245 - [eu.usrv.legacylootgames.LootGamesDungeonLogger][INFO] - PuzzleDungeon spawned at -232 47 936 in Dimension 0
23.05.2023 12:53:25.593 - [eu.usrv.legacylootgames.LootGamesDungeonLogger][INFO] - PuzzleDungeon spawned at -24 69 744 in Dimension 0
23.05.2023 01:12:35.890 - [eu.usrv.legacylootgames.LootGamesDungeonLogger][INFO] - PuzzleDungeon spawned at -504 75 792 in Dimension 0
23.05.2023 01:19:28.339 - [eu.usrv.legacylootgames.LootGamesDungeonLogger][INFO] - PuzzleDungeon spawned at -760 51 840 in Dimension 0
23.05.2023 01:24:52.182 - [eu.usrv.legacylootgames.LootGamesDungeonLogger][INFO] - PuzzleDungeon spawned at -488 50 888 in Dimension 0
